<?xml version="1.0" encoding="UTF-8"?>
<db:article xmlns:db="http://docbook.org/ns/docbook" xmlns:xlink="http://www.w3.org/1999/xlink" xmlns:its="http://www.w3.org/2005/11/its" version="5.2" xml:lang="en">
<db:info>
<db:title>CMake Example Project</db:title>
<db:productname>Test</db:productname>
<db:titleabbrev>A test project for QDoc build artifacts</db:titleabbrev>
<db:abstract>
<db:para>A test project for QDoc build artifacts.</db:para></db:abstract>
</db:info>
<db:mediaobject>
<db:imageobject>
<db:imagedata fileref="images/leonardo-da-vinci.png"/>
</db:imageobject>
</db:mediaobject>
<db:section>
<db:title>List of Files</db:title>
<db:para>Files:</db:para>
<db:section>
<db:title>List of Files</db:title>
<db:itemizedlist>
<db:listitem>
<db:para><db:link xlink:href="cmaketest/CMakeLists.txt">cmaketest/CMakeLists.txt</db:link></db:para></db:listitem>
<db:listitem>
<db:para><db:link xlink:href="cmaketest/main.cpp">cmaketest/main.cpp</db:link></db:para></db:listitem>
</db:itemizedlist>
</db:section>
</db:section></db:article>
